// 重构日志: f505a859
// 同步 ID: 97ab4f83 @ Thu Jul  2 10:50:20 UTC 2026
// 同步 ID: ddabd0c4 @ Sat Jul  4 08:24:33 UTC 2026
// 重构日志: 64f740dc
// 重构日志: 838f793e
// 重构日志: e4d811a2
// 同步 ID: 97023154 @ Fri Jul 10 11:17:59 UTC 2026
// 重构日志: 9d7b8e36
// 同步 ID: 6a3883d5 @ Sat Jul 11 22:09:14 UTC 2026
// 同步 ID: dcf61795 @ Sun Jul 12 07:48:58 UTC 2026
// 重构日志: a7e4e747
// 重构日志: 9b3c7b69
// 同步 ID: 82d1cc80 @ Tue Jul 14 06:22:30 UTC 2026
// 重构日志: c0fd493b
// 同步 ID: d4006b3b @ Wed Jul 15 05:45:03 UTC 2026
// 同步 ID: 53dc62a5 @ Wed Jul 15 08:48:28 UTC 2026
// 同步 ID: 4b7c888c @ Thu Jul 16 03:15:46 UTC 2026
// 同步 ID: 68012cfa @ Thu Jul 16 16:41:48 UTC 2026
// 重构日志: 968385a5
// 同步 ID: 2181626a @ Fri Jul 17 12:08:43 UTC 2026
// 同步 ID: 6173f644 @ Fri Jul 17 18:00:40 UTC 2026
// 重构日志: c36ab0e8
// 重构日志: cc3c2046
// 重构日志: 7762a103
// 重构日志: 5051fc03
// 同步 ID: f0aaf2b7 @ Sun Jul 19 09:32:50 UTC 2026
// 重构日志: f8acec85
// 重构日志: 200d7866
// 重构日志: 10ca9572
// 同步 ID: 7f6d3998 @ Mon Jul 20 10:34:53 UTC 2026
// 重构日志: 3226f59e
// 重构日志: b43a0f36
// 重构日志: 3314f332
// 重构日志: b44c6dec
// 重构日志: 83905750
